<?xml version="1.0" encoding="UTF-8"?>
<!-- Generated by org.testng.reporters.JUnitXMLReporter -->
<testsuite ignored="2" hostname="ALBIN" failures="1" tests="6" name="TestRunner-Chrome" time="76.972" errors="0" timestamp="2025-04-11T17:32:26 IST">
  <testcase classname="com.pac4.afterBaseClassCreation.CreateContact3in1" name="createContactTest" time="23.502">
    <failure type="org.openqa.selenium.StaleElementReferenceException" message="The element with the reference aa05b590-fad5-41ef-a9f6-ca00ee7d4971 is stale; either its node document is not the active document, or it is no longer connected to the DOM
For documentation on this error, please visit: https://www.selenium.dev/documentation/webdriver/troubleshooting/errors#stale-element-reference-exception
Build info: version: &amp;apos;4.25.0&amp;apos;, revision: &amp;apos;8a8aea2337&amp;apos;
System info: os.name: &amp;apos;Windows 11&amp;apos;, os.arch: &amp;apos;amd64&amp;apos;, os.version: &amp;apos;10.0&amp;apos;, java.version: &amp;apos;17.0.14&amp;apos;
Driver info: org.openqa.selenium.firefox.FirefoxDriver
Command: [e13c6c8f-f6b1-466e-a887-194fc58458f7, clickElement {id=aa05b590-fad5-41ef-a9f6-ca00ee7d4971}]
Capabilities {acceptInsecureCerts: true, browserName: firefox, browserVersion: 135.0, moz:accessibilityChecks: false, moz:buildID: 20250130195129, moz:debuggerAddress: 127.0.0.1:15525, moz:geckodriverVersion: 0.36.0, moz:headless: false, moz:platformVersion: 10.0, moz:processID: 5148, moz:profile: C:\Users\hp\AppData\Local\T..., moz:shutdownTimeout: 60000, moz:webdriverClick: true, moz:windowless: false, pageLoadStrategy: normal, platformName: windows, proxy: Proxy(), se:cdp: ws://127.0.0.1:15525/devtoo..., se:cdpVersion: 85.0, setWindowRect: true, strictFileInteractability: false, timeouts: {implicit: 0, pageLoad: 300000, script: 30000}, unhandledPromptBehavior: dismiss and notify, userAgent: Mozilla/5.0 (Windows NT 10....}
Element: [[FirefoxDriver: firefox on windows (e13c6c8f-f6b1-466e-a887-194fc58458f7)] -&amp;gt; xpath: //img[@title=&amp;apos;Create Contact...&amp;apos;]]
Session ID: e13c6c8f-f6b1-466e-a887-194fc58458f7">
      <![CDATA[org.openqa.selenium.StaleElementReferenceException: The element with the reference aa05b590-fad5-41ef-a9f6-ca00ee7d4971 is stale; either its node document is not the active document, or it is no longer connected to the DOM
For documentation on this error, please visit: https://www.selenium.dev/documentation/webdriver/troubleshooting/errors#stale-element-reference-exception
Build info: version: '4.25.0', revision: '8a8aea2337'
System info: os.name: 'Windows 11', os.arch: 'amd64', os.version: '10.0', java.version: '17.0.14'
Driver info: org.openqa.selenium.firefox.FirefoxDriver
Command: [e13c6c8f-f6b1-466e-a887-194fc58458f7, clickElement {id=aa05b590-fad5-41ef-a9f6-ca00ee7d4971}]
Capabilities {acceptInsecureCerts: true, browserName: firefox, browserVersion: 135.0, moz:accessibilityChecks: false, moz:buildID: 20250130195129, moz:debuggerAddress: 127.0.0.1:15525, moz:geckodriverVersion: 0.36.0, moz:headless: false, moz:platformVersion: 10.0, moz:processID: 5148, moz:profile: C:\Users\hp\AppData\Local\T..., moz:shutdownTimeout: 60000, moz:webdriverClick: true, moz:windowless: false, pageLoadStrategy: normal, platformName: windows, proxy: Proxy(), se:cdp: ws://127.0.0.1:15525/devtoo..., se:cdpVersion: 85.0, setWindowRect: true, strictFileInteractability: false, timeouts: {implicit: 0, pageLoad: 300000, script: 30000}, unhandledPromptBehavior: dismiss and notify, userAgent: Mozilla/5.0 (Windows NT 10....}
Element: [[FirefoxDriver: firefox on windows (e13c6c8f-f6b1-466e-a887-194fc58458f7)] -> xpath: //img[@title='Create Contact...']]
Session ID: e13c6c8f-f6b1-466e-a887-194fc58458f7
at org.openqa.selenium.remote.ErrorCodec.decode(ErrorCodec.java:167)
at org.openqa.selenium.remote.codec.w3c.W3CHttpResponseCodec.decode(W3CHttpResponseCodec.java:138)
at org.openqa.selenium.remote.codec.w3c.W3CHttpResponseCodec.decode(W3CHttpResponseCodec.java:50)
at org.openqa.selenium.remote.HttpCommandExecutor.execute(HttpCommandExecutor.java:190)
at org.openqa.selenium.remote.service.DriverCommandExecutor.invokeExecute(DriverCommandExecutor.java:216)
at org.openqa.selenium.remote.service.DriverCommandExecutor.execute(DriverCommandExecutor.java:174)
at org.openqa.selenium.remote.RemoteWebDriver.execute(RemoteWebDriver.java:545)
at org.openqa.selenium.remote.RemoteWebElement.execute(RemoteWebElement.java:223)
at org.openqa.selenium.remote.RemoteWebElement.click(RemoteWebElement.java:76)
at org.openqa.selenium.support.pagefactory.internal.LocatingElementHandler.invoke(LocatingElementHandler.java:51)
at jdk.proxy2/jdk.proxy2.$Proxy17.click(Unknown Source)
at com.crm.vtiger.objectrepositoryutility.ContactsPage.getPlusicon(ContactsPage.java:26)
at com.pac4.afterBaseClassCreation.CreateContact3in1.createContactTest(CreateContact3in1.java:28)
at java.base/java.util.ArrayList.forEach(ArrayList.java:1511)
at java.base/java.util.concurrent.FutureTask.run(FutureTask.java:264)
at java.base/java.util.concurrent.ThreadPoolExecutor.runWorker(ThreadPoolExecutor.java:1136)
at java.base/java.util.concurrent.ThreadPoolExecutor$Worker.run(ThreadPoolExecutor.java:635)
at java.base/java.lang.Thread.run(Thread.java:840)
... Removed 26 stack frames]]>
    </failure>
  </testcase> <!-- createContactTest -->
  <testcase classname="com.pac4.afterBaseClassCreation.CreateContact3in1" name="createContactWithOrgTest" time="0.0">
    <skipped/>
  </testcase> <!-- createContactWithOrgTest -->
  <testcase classname="com.pac4.afterBaseClassCreation.CreateContact3in1" name="createContactWithSupportDate" time="0.001">
    <skipped/>
  </testcase> <!-- createContactWithSupportDate -->
  <testcase classname="com.pac5.afterBaseclassCreationOrganization.CreateOrganization3in1" name="createOrgWithIndustryType" time="35.752"/>
  <testcase classname="com.pac5.afterBaseclassCreationOrganization.CreateOrganization3in1" name="createOrgWithPhoneNum" time="0.001">
    <skipped/>
  </testcase> <!-- createOrgWithPhoneNum -->
  <testcase classname="com.pac5.afterBaseclassCreationOrganization.CreateOrganization3in1" name="createOrganization" time="0.0">
    <skipped/>
  </testcase> <!-- createOrganization -->
  <testcase classname="com.pac3.BaseClassCreation.BaseClass" name="@BeforeSuite configBS" time="0.0">
    <ignored/>
  </testcase> <!-- @BeforeSuite configBS -->
  <testcase classname="com.pac3.BaseClassCreation.BaseClass" name="@AfterSuite configAF" time="0.0">
    <ignored/>
  </testcase> <!-- @AfterSuite configAF -->
</testsuite> <!-- TestRunner-Chrome -->
